Train Real	Train Predicted	Date	2019_06_28_10_15_08
0.1118	0.1136	2019_06_28_10_15_08
0.1089	0.1066	2019_06_28_10_15_08
0.1090	0.1067	2019_06_28_10_15_08
0.0972	0.0984	2019_06_28_10_15_08
0.0993	0.0961	2019_06_28_10_15_08
0.0999	0.0947	2019_06_28_10_15_08
0.1119	0.1078	2019_06_28_10_15_08
0.1119	0.1049	2019_06_28_10_15_08
0.1041	0.1005	2019_06_28_10_15_08
0.1064	0.1028	2019_06_28_10_15_08
0.1085	0.1043	2019_06_28_10_15_08
0.1139	0.1084	2019_06_28_10_15_08
0.1169	0.1149	2019_06_28_10_15_08
0.1053	0.1030	2019_06_28_10_15_08
0.0982	0.1066	2019_06_28_10_15_08
0.0969	0.1017	2019_06_28_10_15_08
0.0974	0.0990	2019_06_28_10_15_08
0.0991	0.1017	2019_06_28_10_15_08
0.1108	0.1154	2019_06_28_10_15_08
0.1127	0.1151	2019_06_28_10_15_08
0.1023	0.1056	2019_06_28_10_15_08
0.1042	0.1067	2019_06_28_10_15_08
0.1097	0.1088	2019_06_28_10_15_08
0.1151	0.1138	2019_06_28_10_15_08
0.1196	0.1204	2019_06_28_10_15_08
0.0995	0.1036	2019_06_28_10_15_08
0.1121	0.1143	2019_06_28_10_15_08
0.1061	0.1044	2019_06_28_10_15_08
0.1039	0.1030	2019_06_28_10_15_08
0.1044	0.1062	2019_06_28_10_15_08
0.1173	0.1217	2019_06_28_10_15_08
0.1165	0.1181	2019_06_28_10_15_08
0.1051	0.1093	2019_06_28_10_15_08
0.1077	0.1100	2019_06_28_10_15_08
0.1122	0.1123	2019_06_28_10_15_08
0.1212	0.1223	2019_06_28_10_15_08
0.1239	0.1232	2019_06_28_10_15_08
0.1086	0.1120	2019_06_28_10_15_08
0.1239	0.1259	2019_06_28_10_15_08
0.1105	0.1099	2019_06_28_10_15_08
0.1092	0.1121	2019_06_28_10_15_08
0.1109	0.1121	2019_06_28_10_15_08
0.1242	0.1250	2019_06_28_10_15_08
0.1256	0.1277	2019_06_28_10_15_08
0.1141	0.1146	2019_06_28_10_15_08
0.1158	0.1167	2019_06_28_10_15_08
0.1144	0.1167	2019_06_28_10_15_08
0.1306	0.1296	2019_06_28_10_15_08
0.1294	0.1302	2019_06_28_10_15_08
0.1151	0.1168	2019_06_28_10_15_08
0.1254	0.1270	2019_06_28_10_15_08
0.1178	0.1170	2019_06_28_10_15_08
0.1182	0.1193	2019_06_28_10_15_08
0.1193	0.1185	2019_06_28_10_15_08
0.1324	0.1317	2019_06_28_10_15_08
0.1330	0.1322	2019_06_28_10_15_08
0.1253	0.1235	2019_06_28_10_15_08
0.1233	0.1245	2019_06_28_10_15_08
0.1215	0.1238	2019_06_28_10_15_08
0.1395	0.1396	2019_06_28_10_15_08
0.1321	0.1370	2019_06_28_10_15_08
0.1252	0.1242	2019_06_28_10_15_08
0.1347	0.1364	2019_06_28_10_15_08
0.1253	0.1252	2019_06_28_10_15_08
0.1276	0.1280	2019_06_28_10_15_08
0.1260	0.1274	2019_06_28_10_15_08
0.1425	0.1457	2019_06_28_10_15_08
0.1469	0.1479	2019_06_28_10_15_08
0.1328	0.1326	2019_06_28_10_15_08
0.1341	0.1309	2019_06_28_10_15_08
0.1332	0.1354	2019_06_28_10_15_08
0.1473	0.1488	2019_06_28_10_15_08
0.1417	0.1516	2019_06_28_10_15_08
0.1354	0.1367	2019_06_28_10_15_08
0.1447	0.1432	2019_06_28_10_15_08
0.1328	0.1339	2019_06_28_10_15_08
0.1388	0.1365	2019_06_28_10_15_08
0.1434	0.1385	2019_06_28_10_15_08
0.1545	0.1511	2019_06_28_10_15_08
0.1627	0.1624	2019_06_28_10_15_08
0.1440	0.1429	2019_06_28_10_15_08
0.1374	0.1387	2019_06_28_10_15_08
0.1507	0.1446	2019_06_28_10_15_08
0.1605	0.1601	2019_06_28_10_15_08
0.1569	0.1526	2019_06_28_10_15_08
0.1455	0.1382	2019_06_28_10_15_08
0.1562	0.1510	2019_06_28_10_15_08
0.1479	0.1443	2019_06_28_10_15_08
0.1511	0.1465	2019_06_28_10_15_08
0.1556	0.1503	2019_06_28_10_15_08
0.1749	0.1710	2019_06_28_10_15_08
0.1758	0.1732	2019_06_28_10_15_08
0.1564	0.1515	2019_06_28_10_15_08
0.1507	0.1469	2019_06_28_10_15_08
0.1610	0.1530	2019_06_28_10_15_08
0.1680	0.1665	2019_06_28_10_15_08
0.1795	0.1750	2019_06_28_10_15_08
0.1650	0.1586	2019_06_28_10_15_08
0.1624	0.1545	2019_06_28_10_15_08
0.1565	0.1511	2019_06_28_10_15_08
0.1628	0.1534	2019_06_28_10_15_08
0.1653	0.1584	2019_06_28_10_15_08
0.1831	0.1750	2019_06_28_10_15_08
0.1839	0.1829	2019_06_28_10_15_08
0.1605	0.1567	2019_06_28_10_15_08
0.1492	0.1536	2019_06_28_10_15_08
0.1545	0.1576	2019_06_28_10_15_08
0.1582	0.1723	2019_06_28_10_15_08
0.1685	0.1714	2019_06_28_10_15_08
0.1501	0.1562	2019_06_28_10_15_08
0.1598	0.1666	2019_06_28_10_15_08
0.1485	0.1591	2019_06_28_10_15_08
0.1530	0.1621	2019_06_28_10_15_08
0.1590	0.1676	2019_06_28_10_15_08
0.1774	0.1852	2019_06_28_10_15_08
0.1770	0.1846	2019_06_28_10_15_08
0.1538	0.1616	2019_06_28_10_15_08
0.1599	0.1623	2019_06_28_10_15_08
0.1578	0.1638	2019_06_28_10_15_08
0.1759	0.1787	2019_06_28_10_15_08
0.1742	0.1796	2019_06_28_10_15_08
0.1575	0.1593	2019_06_28_10_15_08
0.1708	0.1747	2019_06_28_10_15_08
0.1631	0.1662	2019_06_28_10_15_08
0.1671	0.1711	2019_06_28_10_15_08
0.1714	0.1763	2019_06_28_10_15_08
0.1943	0.1962	2019_06_28_10_15_08
0.2045	0.2087	2019_06_28_10_15_08
0.1709	0.1750	2019_06_28_10_15_08
0.1732	0.1687	2019_06_28_10_15_08
0.1649	0.1709	2019_06_28_10_15_08
0.1923	0.1882	2019_06_28_10_15_08
0.1972	0.1912	2019_06_28_10_15_08
0.1779	0.1799	2019_06_28_10_15_08
0.1928	0.1856	2019_06_28_10_15_08
0.1792	0.1754	2019_06_28_10_15_08
0.1769	0.1783	2019_06_28_10_15_08
0.1800	0.1846	2019_06_28_10_15_08
0.2107	0.2073	2019_06_28_10_15_08
0.2067	0.2027	2019_06_28_10_15_08
0.1899	0.1843	2019_06_28_10_15_08
0.1893	0.1763	2019_06_28_10_15_08
0.1915	0.1887	2019_06_28_10_15_08
0.2109	0.2012	2019_06_28_10_15_08
0.2141	0.2088	2019_06_28_10_15_08
0.1999	0.1991	2019_06_28_10_15_08
0.2076	0.1962	2019_06_28_10_15_08
0.1825	0.1827	2019_06_28_10_15_08
0.1895	0.1873	2019_06_28_10_15_08
0.2010	0.1976	2019_06_28_10_15_08
0.2288	0.2225	2019_06_28_10_15_08
0.2154	0.2162	2019_06_28_10_15_08
0.1986	0.1938	2019_06_28_10_15_08
0.1822	0.1866	2019_06_28_10_15_08
0.1924	0.1902	2019_06_28_10_15_08
0.2116	0.2107	2019_06_28_10_15_08
0.2140	0.2091	2019_06_28_10_15_08
0.1887	0.1919	2019_06_28_10_15_08
0.2045	0.2024	2019_06_28_10_15_08
0.1911	0.1913	2019_06_28_10_15_08
0.1958	0.1968	2019_06_28_10_15_08
0.2010	0.2046	2019_06_28_10_15_08
0.2269	0.2223	2019_06_28_10_15_08
0.2177	0.2254	2019_06_28_10_15_08
0.2042	0.1994	2019_06_28_10_15_08
0.1912	0.1920	2019_06_28_10_15_08
0.2026	0.2002	2019_06_28_10_15_08
0.2259	0.2263	2019_06_28_10_15_08
0.2204	0.2171	2019_06_28_10_15_08
0.1975	0.1979	2019_06_28_10_15_08
0.2104	0.2114	2019_06_28_10_15_08
0.2032	0.1999	2019_06_28_10_15_08
0.2064	0.2039	2019_06_28_10_15_08
0.2072	0.2085	2019_06_28_10_15_08
0.2338	0.2342	2019_06_28_10_15_08
0.2431	0.2375	2019_06_28_10_15_08
0.2165	0.2093	2019_06_28_10_15_08
0.1958	0.2012	2019_06_28_10_15_08
0.2129	0.2111	2019_06_28_10_15_08
0.2251	0.2275	2019_06_28_10_15_08
0.2278	0.2299	2019_06_28_10_15_08
0.2050	0.2081	2019_06_28_10_15_08
0.2170	0.2223	2019_06_28_10_15_08
0.2056	0.2092	2019_06_28_10_15_08
0.2138	0.2130	2019_06_28_10_15_08
0.2109	0.2142	2019_06_28_10_15_08
0.2376	0.2419	2019_06_28_10_15_08
0.2514	0.2491	2019_06_28_10_15_08
0.2179	0.2258	2019_06_28_10_15_08
0.2126	0.2118	2019_06_28_10_15_08
0.2157	0.2193	2019_06_28_10_15_08
0.2419	0.2419	2019_06_28_10_15_08
0.2396	0.2416	2019_06_28_10_15_08
0.2141	0.2072	2019_06_28_10_15_08
0.2242	0.2302	2019_06_28_10_15_08
0.2162	0.2172	2019_06_28_10_15_08
0.2226	0.2217	2019_06_28_10_15_08
0.2341	0.2275	2019_06_28_10_15_08
0.2475	0.2556	2019_06_28_10_15_08
0.2669	0.2595	2019_06_28_10_15_08
0.2164	0.2291	2019_06_28_10_15_08
0.2236	0.2225	2019_06_28_10_15_08
0.2318	0.2302	2019_06_28_10_15_08
0.2558	0.2570	2019_06_28_10_15_08
Validation Real	Validation Predicted	2019_06_28_10_15_08
0.2559	0.2581	2019_06_28_10_15_08
0.2288	0.2230	2019_06_28_10_15_08
0.2406	0.2402	2019_06_28_10_15_08
0.2243	0.2260	2019_06_28_10_15_08
0.2334	0.2307	2019_06_28_10_15_08
0.2286	0.2313	2019_06_28_10_15_08
0.2838	0.2686	2019_06_28_10_15_08
0.2810	0.2683	2019_06_28_10_15_08
0.2447	0.2428	2019_06_28_10_15_08
0.2389	0.2332	2019_06_28_10_15_08
0.2457	0.2394	2019_06_28_10_15_08
0.2613	0.2524	2019_06_28_10_15_08
Test Real	Test Predicted	Date	2019_06_28_10_15_08
0.2621	0.2594	2019_06_28_10_15_08
0.2323	0.2245	2019_06_28_10_15_08
0.2473	0.2485	2019_06_28_10_15_08
0.2359	0.2354	2019_06_28_10_15_08
0.2396	0.2413	2019_06_28_10_15_08
0.2386	0.2400	2019_06_28_10_15_08
0.2922	0.2851	2019_06_28_10_15_08
0.2756	0.2788	2019_06_28_10_15_08
0.2505	0.2497	2019_06_28_10_15_08
0.2338	0.2453	2019_06_28_10_15_08
0.2385	0.2482	2019_06_28_10_15_08
0.2548	0.2643	2019_06_28_10_15_08
MAPETRAINMEAN	MAPETRAINMAX	MAPEVALMEAN	MAPEVALMAX	MAPETESTMEAN	MAPETESTMAX	str(params)	Date	2019_06_28_10_15_08
2.2090	8.9288	2.1470	5.3661	1.9173	4.9241	{'activation': 'relu', 'alpha': 1e-05, 'batch_size': 'auto', 'beta_1': 0.9, 'beta_2': 0.999, 'early_stopping': False, 'epsilon': 1e-08, 'hidden_layer_sizes': (6, 34, 20), 'learning_rate': 'adaptive', 'learning_rate_init': 0.0001, 'max_iter': 8250, 'momentum': 0.9, 'nesterovs_momentum': True, 'power_t': 0.5, 'random_state': 32721412, 'shuffle': False, 'solver': 'lbfgs', 'tol': 1e-12, 'validation_fraction': 0.0, 'verbose': False, 'warm_start': False}	Date	2019_06_28_10_15_08
